{"C:\\Users\\raiss\\OneDrive\\Área de Trabalho\\desafio-lanchonete-2023\\src\\caixa-da-lanchonete.js": {"path":"C:\\Users\\raiss\\OneDrive\\Área de Trabalho\\desafio-lanchonete-2023\\src\\caixa-da-lanchonete.js","all":false,"statementMap":{"0":{"start":{"line":1,"column":0},"end":{"line":1,"column":25}},"1":{"start":{"line":2,"column":0},"end":{"line":2,"column":56}},"2":{"start":{"line":3,"column":0},"end":{"line":3,"column":30}},"3":{"start":{"line":4,"column":0},"end":{"line":4,"column":27}},"4":{"start":{"line":5,"column":0},"end":{"line":5,"column":31}},"5":{"start":{"line":6,"column":0},"end":{"line":6,"column":27}},"6":{"start":{"line":7,"column":0},"end":{"line":7,"column":32}},"7":{"start":{"line":8,"column":0},"end":{"line":8,"column":29}},"8":{"start":{"line":9,"column":0},"end":{"line":9,"column":30}},"9":{"start":{"line":10,"column":0},"end":{"line":10,"column":29}},"10":{"start":{"line":11,"column":0},"end":{"line":11,"column":29}},"11":{"start":{"line":12,"column":0},"end":{"line":12,"column":14}},"12":{"start":{"line":13,"column":0},"end":{"line":13,"column":79}},"13":{"start":{"line":14,"column":0},"end":{"line":14,"column":71}},"14":{"start":{"line":15,"column":0},"end":{"line":15,"column":54}},"15":{"start":{"line":16,"column":0},"end":{"line":16,"column":13}},"16":{"start":{"line":17,"column":0},"end":{"line":17,"column":26}},"17":{"start":{"line":18,"column":0},"end":{"line":18,"column":37}},"18":{"start":{"line":19,"column":0},"end":{"line":19,"column":33}},"19":{"start":{"line":20,"column":0},"end":{"line":20,"column":39}},"20":{"start":{"line":21,"column":0},"end":{"line":21,"column":61}},"21":{"start":{"line":22,"column":0},"end":{"line":22,"column":40}},"22":{"start":{"line":23,"column":0},"end":{"line":23,"column":44}},"23":{"start":{"line":24,"column":0},"end":{"line":24,"column":17}},"24":{"start":{"line":25,"column":0},"end":{"line":25,"column":67}},"25":{"start":{"line":26,"column":0},"end":{"line":26,"column":40}},"26":{"start":{"line":27,"column":0},"end":{"line":27,"column":17}},"27":{"start":{"line":28,"column":0},"end":{"line":28,"column":67}},"28":{"start":{"line":29,"column":0},"end":{"line":29,"column":40}},"29":{"start":{"line":30,"column":0},"end":{"line":30,"column":80}},"30":{"start":{"line":31,"column":0},"end":{"line":31,"column":21}},"31":{"start":{"line":32,"column":0},"end":{"line":32,"column":36}},"32":{"start":{"line":33,"column":0},"end":{"line":33,"column":17}},"33":{"start":{"line":34,"column":0},"end":{"line":34,"column":55}},"34":{"start":{"line":35,"column":0},"end":{"line":35,"column":13}},"35":{"start":{"line":36,"column":0},"end":{"line":36,"column":32}},"36":{"start":{"line":37,"column":0},"end":{"line":37,"column":61}},"37":{"start":{"line":38,"column":0},"end":{"line":38,"column":13}},"38":{"start":{"line":39,"column":0},"end":{"line":39,"column":43}},"39":{"start":{"line":40,"column":0},"end":{"line":40,"column":46}},"40":{"start":{"line":41,"column":0},"end":{"line":41,"column":13}},"41":{"start":{"line":42,"column":0},"end":{"line":42,"column":50}},"42":{"start":{"line":43,"column":0},"end":{"line":43,"column":31}},"43":{"start":{"line":44,"column":0},"end":{"line":44,"column":56}},"44":{"start":{"line":45,"column":0},"end":{"line":45,"column":31}},"45":{"start":{"line":46,"column":0},"end":{"line":46,"column":13}},"46":{"start":{"line":47,"column":0},"end":{"line":47,"column":62}},"47":{"start":{"line":48,"column":0},"end":{"line":48,"column":9}},"48":{"start":{"line":49,"column":0},"end":{"line":49,"column":0}},"49":{"start":{"line":50,"column":0},"end":{"line":50,"column":5}},"50":{"start":{"line":51,"column":0},"end":{"line":51,"column":0}},"51":{"start":{"line":52,"column":0},"end":{"line":52,"column":33}}},"s":{"0":1,"1":1,"2":19,"3":19,"4":19,"5":19,"6":19,"7":19,"8":19,"9":19,"10":19,"11":19,"12":19,"13":19,"14":1,"15":1,"16":18,"17":18,"18":18,"19":19,"20":26,"21":26,"22":2,"23":2,"24":26,"25":15,"26":15,"27":26,"28":9,"29":3,"30":3,"31":6,"32":6,"33":21,"34":21,"35":19,"36":3,"37":3,"38":19,"39":1,"40":1,"41":19,"42":2,"43":19,"44":3,"45":3,"46":9,"47":9,"48":1,"49":1,"50":1,"51":1},"branchMap":{"0":{"type":"branch","line":2,"loc":{"start":{"line":2,"column":8},"end":{"line":48,"column":9}},"locations":[{"start":{"line":2,"column":8},"end":{"line":48,"column":9}}]},"1":{"type":"branch","line":14,"loc":{"start":{"line":14,"column":70},"end":{"line":16,"column":13}},"locations":[{"start":{"line":14,"column":70},"end":{"line":16,"column":13}}]},"2":{"type":"branch","line":16,"loc":{"start":{"line":16,"column":12},"end":{"line":20,"column":38}},"locations":[{"start":{"line":16,"column":12},"end":{"line":20,"column":38}}]},"3":{"type":"branch","line":20,"loc":{"start":{"line":20,"column":38},"end":{"line":35,"column":13}},"locations":[{"start":{"line":20,"column":38},"end":{"line":35,"column":13}}]},"4":{"type":"branch","line":22,"loc":{"start":{"line":22,"column":39},"end":{"line":24,"column":17}},"locations":[{"start":{"line":22,"column":39},"end":{"line":24,"column":17}}]},"5":{"type":"branch","line":24,"loc":{"start":{"line":24,"column":16},"end":{"line":25,"column":45}},"locations":[{"start":{"line":24,"column":16},"end":{"line":25,"column":45}}]},"6":{"type":"branch","line":25,"loc":{"start":{"line":25,"column":41},"end":{"line":25,"column":64}},"locations":[{"start":{"line":25,"column":41},"end":{"line":25,"column":64}}]},"7":{"type":"branch","line":25,"loc":{"start":{"line":25,"column":66},"end":{"line":27,"column":17}},"locations":[{"start":{"line":25,"column":66},"end":{"line":27,"column":17}}]},"8":{"type":"branch","line":27,"loc":{"start":{"line":27,"column":16},"end":{"line":28,"column":45}},"locations":[{"start":{"line":27,"column":16},"end":{"line":28,"column":45}}]},"9":{"type":"branch","line":28,"loc":{"start":{"line":28,"column":41},"end":{"line":28,"column":64}},"locations":[{"start":{"line":28,"column":41},"end":{"line":28,"column":64}}]},"10":{"type":"branch","line":28,"loc":{"start":{"line":28,"column":66},"end":{"line":33,"column":17}},"locations":[{"start":{"line":28,"column":66},"end":{"line":33,"column":17}}]},"11":{"type":"branch","line":29,"loc":{"start":{"line":29,"column":39},"end":{"line":31,"column":21}},"locations":[{"start":{"line":29,"column":39},"end":{"line":31,"column":21}}]},"12":{"type":"branch","line":31,"loc":{"start":{"line":31,"column":20},"end":{"line":33,"column":17}},"locations":[{"start":{"line":31,"column":20},"end":{"line":33,"column":17}}]},"13":{"type":"branch","line":33,"loc":{"start":{"line":33,"column":16},"end":{"line":35,"column":13}},"locations":[{"start":{"line":33,"column":16},"end":{"line":35,"column":13}}]},"14":{"type":"branch","line":35,"loc":{"start":{"line":35,"column":12},"end":{"line":36,"column":31}},"locations":[{"start":{"line":35,"column":12},"end":{"line":36,"column":31}}]},"15":{"type":"branch","line":36,"loc":{"start":{"line":36,"column":31},"end":{"line":38,"column":13}},"locations":[{"start":{"line":36,"column":31},"end":{"line":38,"column":13}}]},"16":{"type":"branch","line":38,"loc":{"start":{"line":38,"column":12},"end":{"line":39,"column":29}},"locations":[{"start":{"line":38,"column":12},"end":{"line":39,"column":29}}]},"17":{"type":"branch","line":39,"loc":{"start":{"line":39,"column":25},"end":{"line":39,"column":40}},"locations":[{"start":{"line":39,"column":25},"end":{"line":39,"column":40}}]},"18":{"type":"branch","line":39,"loc":{"start":{"line":39,"column":42},"end":{"line":41,"column":13}},"locations":[{"start":{"line":39,"column":42},"end":{"line":41,"column":13}}]},"19":{"type":"branch","line":41,"loc":{"start":{"line":41,"column":12},"end":{"line":42,"column":49}},"locations":[{"start":{"line":41,"column":12},"end":{"line":42,"column":49}}]},"20":{"type":"branch","line":42,"loc":{"start":{"line":42,"column":49},"end":{"line":44,"column":13}},"locations":[{"start":{"line":42,"column":49},"end":{"line":44,"column":13}}]},"21":{"type":"branch","line":44,"loc":{"start":{"line":44,"column":13},"end":{"line":46,"column":13}},"locations":[{"start":{"line":44,"column":13},"end":{"line":46,"column":13}}]},"22":{"type":"branch","line":44,"loc":{"start":{"line":44,"column":55},"end":{"line":46,"column":13}},"locations":[{"start":{"line":44,"column":55},"end":{"line":46,"column":13}}]},"23":{"type":"branch","line":46,"loc":{"start":{"line":46,"column":12},"end":{"line":48,"column":9}},"locations":[{"start":{"line":46,"column":12},"end":{"line":48,"column":9}}]}},"b":{"0":[19],"1":[1],"2":[18],"3":[26],"4":[2],"5":[24],"6":[22],"7":[15],"8":[24],"9":[22],"10":[9],"11":[3],"12":[6],"13":[21],"14":[13],"15":[3],"16":[10],"17":[4],"18":[1],"19":[9],"20":[2],"21":[7],"22":[3],"23":[9]},"fnMap":{"0":{"name":"calcularValorDaCompra","decl":{"start":{"line":2,"column":8},"end":{"line":48,"column":9}},"loc":{"start":{"line":2,"column":8},"end":{"line":48,"column":9}},"line":2}},"f":{"0":19}}
}
