TN:
SF:src\caixa-da-lanchonete.js
FN:2,calcularValorDaCompra
FNF:1
FNH:1
FNDA:19,calcularValorDaCompra
DA:1,1
DA:2,1
DA:3,19
DA:4,19
DA:5,19
DA:6,19
DA:7,19
DA:8,19
DA:9,19
DA:10,19
DA:11,19
DA:12,19
DA:13,19
DA:14,19
DA:15,1
DA:16,1
DA:17,18
DA:18,18
DA:19,18
DA:20,19
DA:21,26
DA:22,26
DA:23,2
DA:24,2
DA:25,26
DA:26,15
DA:27,15
DA:28,26
DA:29,9
DA:30,3
DA:31,3
DA:32,6
DA:33,6
DA:34,21
DA:35,21
DA:36,19
DA:37,3
DA:38,3
DA:39,19
DA:40,1
DA:41,1
DA:42,19
DA:43,2
DA:44,19
DA:45,3
DA:46,3
DA:47,9
DA:48,9
DA:49,1
DA:50,1
DA:51,1
DA:52,1
LF:52
LH:52
BRDA:2,0,0,19
BRDA:14,1,0,1
BRDA:16,2,0,18
BRDA:20,3,0,26
BRDA:22,4,0,2
BRDA:24,5,0,24
BRDA:25,6,0,22
BRDA:25,7,0,15
BRDA:27,8,0,24
BRDA:28,9,0,22
BRDA:28,10,0,9
BRDA:29,11,0,3
BRDA:31,12,0,6
BRDA:33,13,0,21
BRDA:35,14,0,13
BRDA:36,15,0,3
BRDA:38,16,0,10
BRDA:39,17,0,4
BRDA:39,18,0,1
BRDA:41,19,0,9
BRDA:42,20,0,2
BRDA:44,21,0,7
BRDA:44,22,0,3
BRDA:46,23,0,9
BRF:24
BRH:24
end_of_record
